#! /usr/bin/vvp
:ivl_version "10.1 (stable)";
:ivl_delay_selection "TYPICAL";
:vpi_time_precision + 0;
:vpi_module "system";
:vpi_module "vhdl_sys";
:vpi_module "v2005_math";
:vpi_module "va_math";
S_0x283c283c50 .scope module, "onda" "onda" 2 19;
 .timescale 0 0;
v0x283c283dd0_0 .var "clock", 0 0;
v0x283c2dbe30_0 .var "k", 0 0;
v0x283c2dbef0_0 .var "x", 0 0;
E_0x283c284740 .event posedge, v0x283c2dbef0_0;
E_0x283c2843b0 .event posedge, v0x283c283dd0_0;
    .scope S_0x283c283c50;
T_0 ;
    %pushi/vec4 0, 0, 1;
    %store/vec4 v0x283c283dd0_0, 0, 1;
    %end;
    .thread T_0;
    .scope S_0x283c283c50;
T_1 ;
    %pushi/vec4 0, 0, 1;
    %store/vec4 v0x283c2dbef0_0, 0, 1;
    %end;
    .thread T_1;
    .scope S_0x283c283c50;
T_2 ;
    %pushi/vec4 0, 0, 1;
    %store/vec4 v0x283c2dbe30_0, 0, 1;
    %end;
    .thread T_2;
    .scope S_0x283c283c50;
T_3 ;
    %vpi_call 2 26 "$dumpvars", 32'sb00000000000000000000000000000000, v0x283c2dbef0_0, v0x283c2dbe30_0, v0x283c283dd0_0 {0 0 0};
    %delay 100, 0;
    %vpi_call 2 27 "$finish" {0 0 0};
    %end;
    .thread T_3;
    .scope S_0x283c283c50;
T_4 ;
    %delay 2, 0;
    %load/vec4 v0x283c283dd0_0;
    %inv;
    %store/vec4 v0x283c283dd0_0, 0, 1;
    %jmp T_4;
    .thread T_4;
    .scope S_0x283c283c50;
T_5 ;
    %wait E_0x283c2843b0;
    %load/vec4 v0x283c2dbef0_0;
    %inv;
    %store/vec4 v0x283c2dbef0_0, 0, 1;
    %jmp T_5;
    .thread T_5;
    .scope S_0x283c283c50;
T_6 ;
    %wait E_0x283c284740;
    %load/vec4 v0x283c2dbe30_0;
    %inv;
    %store/vec4 v0x283c2dbe30_0, 0, 1;
    %jmp T_6;
    .thread T_6;
# The file index is used to find the file name in the following table.
:file_names 3;
    "N/A";
    "<interactive>";
    "ex001.v";
